INFO:root:Start AbituentBotVk! 2020-04-28 14:36:08.991605
INFO:root:Start AbituentBotVk! 2020-04-28 14:39:57.431582
INFO:root:Start AbituentBotVk! 2020-04-28 15:03:38.610488
INFO:root:Start AbituentBotVk! 2020-04-28 15:28:29.921042
INFO:root:Start AbituentBotVk! 2020-04-28 15:41:56.667328
INFO:root:Start AbituentBotVk! 2020-04-28 15:42:54.933595
INFO:root:Start AbituentBotVk! 2020-04-28 16:03:21.875665
ERROR:root:2020-04-28 16:03:34.303534 name 'keyboard_subject' is not defined
ERROR:root:2020-04-28 16:03:46.198194 name 'keyboard_subject' is not defined
INFO:root:Start AbituentBotVk! 2020-04-28 16:13:47.599107
INFO:root:Start AbituentBotVk! 2020-04-28 16:36:39.466023
INFO:root:Start AbituentBotVk! 2020-04-28 21:20:35.487845
INFO:root:Start AbituentBotVk! 2020-04-28 21:21:52.886219
INFO:root:Start AbituentBotVk! 2020-04-28 21:22:35.425787
ERROR:root:2020-04-28 21:22:42.453214 set_user_choose_subject() missing 1 required positional argument: 'subject_id'
INFO:root:Start AbituentBotVk! 2020-04-28 21:26:49.169024
INFO:root:Start AbituentBotVk! 2020-04-28 21:36:01.507585
ERROR:root:2020-04-28 21:36:09.543810 no such table: users_ball
INFO:root:Start AbituentBotVk! 2020-04-28 21:37:19.364933
INFO:root:Start AbituentBotVk! 2020-04-28 21:39:25.598806
INFO:root:Start AbituentBotVk! 2020-04-28 21:40:41.208077
INFO:root:Start AbituentBotVk! 2020-04-28 21:58:46.752813
INFO:root:Start AbituentBotVk! 2020-04-28 22:07:27.677794
ERROR:root:2020-04-28 22:07:55.179081 %d format: a number is required, not str
INFO:root:Start AbituentBotVk! 2020-04-28 22:10:58.821775
ERROR:root:2020-04-28 22:11:19.330794 name 'ball' is not defined
INFO:root:Start AbituentBotVk! 2020-04-28 22:12:42.997749
ERROR:root:2020-04-28 22:12:54.824051 name 'ball' is not defined
INFO:root:Start AbituentBotVk! 2020-04-28 22:14:14.572992
ERROR:root:2020-04-28 22:14:32.460887 name 'ball' is not defined
INFO:root:Start AbituentBotVk! 2020-04-28 22:15:37.195983
ERROR:root:2020-04-28 22:15:45.551546 near "2": syntax error
INFO:root:Start AbituentBotVk! 2020-04-28 22:23:17.765545
INFO:root:Start AbituentBotVk! 2020-04-28 22:29:25.194389
INFO:root:Start AbituentBotVk! 2020-04-28 22:31:45.461565
ERROR:root:2020-04-28 22:32:10.892514 name 'user_id' is not defined
INFO:root:Start AbituentBotVk! 2020-04-28 22:32:46.011070
INFO:root:Start AbituentBotVk! 2020-04-28 22:38:18.574418
INFO:root:Start AbituentBotVk! 2020-04-28 23:22:51.116303
INFO:root:Start AbituentBotVk! 2020-04-28 23:24:31.306835
INFO:root:Start AbituentBotVk! 2020-04-28 23:29:24.914498
INFO:root:Start AbituentBotVk! 2020-04-28 23:30:44.615549
INFO:root:Start AbituentBotVk! 2020-04-28 23:31:34.744995
INFO:root:Start AbituentBotVk! 2020-04-28 23:32:23.804115
INFO:root:Start AbituentBotVk! 2020-04-28 23:36:39.346888
INFO:root:Start AbituentBotVk! 2020-04-28 23:38:38.391128
INFO:root:Start AbituentBotVk! 2020-04-28 23:39:48.831333
INFO:root:Start AbituentBotVk! 2020-04-28 23:59:42.043173
ERROR:root:2020-04-28 23:59:46.747325 get_status_ball() missing 1 required positional argument: 'user_id'
INFO:root:Start AbituentBotVk! 2020-04-29 00:01:01.733460
INFO:root:Start AbituentBotVk! 2020-04-29 00:02:30.389663
INFO:root:Start AbituentBotVk! 2020-04-29 10:43:51.993722
INFO:root:Start AbituentBotVk! 2020-04-29 10:54:57.982883
INFO:root:Start AbituentBotVk! 2020-04-29 11:03:41.444096
INFO:root:Start AbituentBotVk! 2020-04-29 11:07:25.300241
INFO:root:Start AbituentBotVk! 2020-04-29 11:13:05.319820
INFO:root:Start AbituentBotVk! 2020-04-29 11:14:42.964509
INFO:root:Start AbituentBotVk! 2020-04-29 11:16:27.411037
INFO:root:Start AbituentBotVk! 2020-04-29 11:18:22.969026
INFO:root:Start AbituentBotVk! 2020-04-29 11:51:13.434313
INFO:root:Start AbituentBotVk! 2020-04-29 11:51:52.344895
INFO:root:Start AbituentBotVk! 2020-04-29 11:57:37.721715
INFO:root:Start AbituentBotVk! 2020-04-29 12:00:16.637499
INFO:root:Start AbituentBotVk! 2020-04-29 12:02:45.023873
INFO:root:Start AbituentBotVk! 2020-04-29 12:08:44.596160
INFO:root:Start AbituentBotVk! 2020-04-29 12:10:03.949575
INFO:root:Start AbituentBotVk! 2020-04-29 12:12:34.898503
INFO:root:Start AbituentBotVk! 2020-04-29 12:12:44.972832
INFO:root:Start AbituentBotVk! 2020-04-29 15:23:48.615880
INFO:root:Start AbituentBotVk! 2020-04-29 15:25:54.144685
INFO:root:Start AbituentBotVk! 2020-05-01 13:19:45.140559
INFO:root:Start AbituentBotVk! 2020-05-01 13:22:12.301439
INFO:root:Start AbituentBotVk! 2020-05-01 13:26:04.430116
INFO:root:Start AbituentBotVk! 2020-05-01 13:59:32.783010
INFO:root:Start AbituentBotVk! 2020-05-02 12:15:48.434156
ERROR:root:2020-05-02 12:17:21.618753 name 'json' is not defined
INFO:root:Start AbituentBotVk! 2020-05-02 12:19:05.791749
INFO:root:Start AbituentBotVk! 2020-05-02 12:25:08.532990
INFO:root:Start AbituentBotVk! 2020-05-02 12:38:57.847823
INFO:root:Start AbituentBotVk! 2020-05-03 13:25:56.637120
ERROR:root:2020-05-03 13:26:12.915601 name 'keyboard_spec' is not defined
INFO:root:Start AbituentBotVk! 2020-05-03 13:26:36.624827
ERROR:root:2020-05-03 13:31:27.224453 ('Connection aborted.', ConnectionResetError(10054, 'Удаленный хост принудительно разорвал существующее подключение', None, 10054, None))
ERROR:root:2020-05-03 13:31:38.815390 [Errno 13] Permission denied: 'ochnik.xlsx'
ERROR:root:2020-05-03 13:31:50.317461 [Errno 13] Permission denied: 'ochnik.xlsx'
ERROR:root:2020-05-03 13:32:01.684766 [Errno 13] Permission denied: 'ochnik.xlsx'
INFO:root:Start AbituentBotVk! 2020-05-03 14:06:02.160180
ERROR:root:2020-05-03 14:06:04.037151 [Errno 13] Permission denied: 'ochnik.xlsx'
ERROR:root:2020-05-03 14:06:15.744298 [Errno 13] Permission denied: 'ochnik.xlsx'
ERROR:root:2020-05-03 14:06:27.482689 [Errno 13] Permission denied: 'ochnik.xlsx'
ERROR:root:2020-05-03 14:06:39.539446 [Errno 13] Permission denied: 'ochnik.xlsx'
ERROR:root:2020-05-03 14:06:51.263192 [Errno 13] Permission denied: 'ochnik.xlsx'
ERROR:root:2020-05-03 14:07:03.282841 [Errno 13] Permission denied: 'ochnik.xlsx'
ERROR:root:2020-05-03 14:07:15.389403 [Errno 13] Permission denied: 'ochnik.xlsx'
ERROR:root:2020-05-03 14:07:27.056507 [Errno 13] Permission denied: 'ochnik.xlsx'
ERROR:root:2020-05-03 14:07:39.859363 [Errno 13] Permission denied: 'ochnik.xlsx'
ERROR:root:2020-05-03 14:07:51.626078 [Errno 13] Permission denied: 'ochnik.xlsx'
ERROR:root:2020-05-03 14:08:03.624244 [Errno 13] Permission denied: 'ochnik.xlsx'
ERROR:root:2020-05-03 14:08:15.114586 [Errno 13] Permission denied: 'ochnik.xlsx'
INFO:root:Start AbituentBotVk! 2020-05-03 14:09:01.270306
INFO:root:Start AbituentBotVk! 2020-05-03 14:11:41.195689
INFO:root:Start AbituentBotVk! 2020-05-03 14:12:36.454040
ERROR:root:2020-05-03 14:13:53.211627 name 'view_spec' is not defined
INFO:root:Start AbituentBotVk! 2020-05-03 14:14:46.568595
INFO:root:Start AbituentBotVk! 2020-05-03 14:16:28.911395
INFO:root:Start AbituentBotVk! 2020-05-03 15:27:11.480699
INFO:root:Start AbituentBotVk! 2020-05-03 15:29:47.097435
INFO:root:Start AbituentBotVk! 2020-05-03 15:30:48.274784
INFO:root:Start AbituentBotVk! 2020-05-03 15:32:33.240642
INFO:root:Start AbituentBotVk! 2020-05-03 15:35:57.324669
INFO:root:Start AbituentBotVk! 2020-05-03 20:34:15.073717
INFO:root:Start AbituentBotVk! 2020-05-03 20:36:16.914004
INFO:root:Start AbituentBotVk! 2020-05-03 20:56:30.034454
ERROR:root:2020-05-03 20:57:00.028935 [914] Message is too long
INFO:root:Start AbituentBotVk! 2020-05-03 21:03:11.653224
INFO:root:Start AbituentBotVk! 2020-05-03 21:54:57.634398
ERROR:root:2020-05-03 21:55:18.910030 object of type 'NoneType' has no len()
INFO:root:Start AbituentBotVk! 2020-05-03 21:56:32.231164
ERROR:root:2020-05-03 21:56:47.326061 object of type 'NoneType' has no len()
INFO:root:Start AbituentBotVk! 2020-05-03 21:57:41.573739
INFO:root:Start AbituentBotVk! 2020-05-03 22:04:39.361672
INFO:root:Start AbituentBotVk! 2020-05-03 22:20:05.770897
ERROR:root:2020-05-03 22:20:19.805237 'charmap' codec can't decode byte 0x98 in position 719: character maps to <undefined>
INFO:root:Start AbituentBotVk! 2020-05-03 22:22:39.181863
INFO:root:Start AbituentBotVk! 2020-05-03 22:26:30.947252
INFO:root:Start AbituentBotVk! 2020-05-03 22:50:45.735046
ERROR:root:2020-05-03 22:52:06.313180 Remote end closed connection without response
INFO:root:Start AbituentBotVk! 2020-05-03 22:56:14.683400
ERROR:root:2020-05-03 22:56:35.358457 can only concatenate str (not "list") to str
INFO:root:Start AbituentBotVk! 2020-05-03 22:58:02.249169
ERROR:root:2020-05-03 22:58:54.854306 can only concatenate str (not "list") to str
INFO:root:Start AbituentBotVk! 2020-05-03 23:00:44.779473
INFO:root:Start AbituentBotVk! 2020-05-03 23:11:58.377368
INFO:root:Start AbituentBotVk! 2020-05-04 11:06:10.223404
INFO:root:Start AbituentBotVk! 2020-05-04 12:37:37.810319
ERROR:root:2020-05-04 12:40:14.355024 [Errno 2] No such file or directory: 'ochnik.xlsx'
INFO:root:Start AbituentBotVk! 2020-05-04 12:41:05.529425
INFO:root:Start AbituentBotVk! 2020-05-04 16:54:25.893529
INFO:root:Start AbituentBotVk! 2020-05-04 16:55:28.540750
INFO:root:Start AbituentBotVk! 2020-05-04 16:58:02.827713
INFO:root:Start AbituentBotVk! 2020-05-04 17:06:08.679081
INFO:root:Start AbituentBotVk! 2020-05-04 17:06:59.314435
INFO:root:Start AbituentBotVk! 2020-05-04 17:08:08.658990
ERROR:root:2020-05-04 17:08:35.810675 [100] One of the parameters specified was missing or invalid: message is empty or invalid
INFO:root:Start AbituentBotVk! 2020-05-04 17:10:21.641979
INFO:root:Start AbituentBotVk! 2020-05-04 17:16:17.427347
INFO:root:Start AbituentBotVk! 2020-05-04 17:39:59.233222
ERROR:root:2020-05-04 17:40:58.734903 [100] One of the parameters specified was missing or invalid: message is empty or invalid
INFO:root:Start AbituentBotVk! 2020-05-04 17:42:11.517990
INFO:root:Start AbituentBotVk! 2020-05-04 17:49:48.244073
INFO:root:Start AbituentBotVk! 2020-05-04 20:03:24.026343
ERROR:root:2020-05-04 20:04:24.510421 name 'vk' is not defined
INFO:root:Start AbituentBotVk! 2020-05-04 20:05:32.314908
ERROR:root:2020-05-04 20:05:46.591440 name 'vk' is not defined
INFO:root:Start AbituentBotVk! 2020-05-04 20:19:26.051078
ERROR:root:2020-05-04 20:19:41.879386 module 'vk' has no attribute 'users'
INFO:root:Start AbituentBotVk! 2020-05-04 20:21:56.432687
ERROR:root:2020-05-04 20:22:18.061842 name 'vk' is not defined
INFO:root:Start AbituentBotVk! 2020-05-05 11:44:56.976872
ERROR:root:2020-05-05 11:45:50.782189 name 'user_id' is not defined
INFO:root:Start AbituentBotVk! 2020-05-05 11:46:28.243565
ERROR:root:2020-05-05 11:46:34.961419 name 'user_data' is not defined
INFO:root:Start AbituentBotVk! 2020-05-05 12:07:55.018684
INFO:root:Start AbituentBotVk! 2020-05-05 13:03:56.761654
INFO:root:Start AbituentBotVk! 2020-05-05 13:05:02.381549
INFO:root:Start AbituentBotVk! 2020-05-05 13:05:34.357505
INFO:root:Start AbituentBotVk! 2020-05-05 13:09:40.379869
ERROR:root:2020-05-05 13:10:23.117664 [100] One of the parameters specified was missing or invalid: message is empty or invalid
INFO:root:Start AbituentBotVk! 2020-05-05 13:10:56.965706
ERROR:root:2020-05-05 13:11:16.538197 [100] One of the parameters specified was missing or invalid: message is empty or invalid
INFO:root:Start AbituentBotVk! 2020-05-05 13:23:18.595233
INFO:root:Start AbituentBotVk! 2020-05-05 13:26:17.259370
ERROR:root:2020-05-05 13:27:02.389771 [100] One of the parameters specified was missing or invalid: message is empty or invalid
INFO:root:Start AbituentBotVk! 2020-05-05 13:28:34.921103
INFO:root:Start AbituentBotVk! 2020-05-05 13:35:32.173004
INFO:root:Start AbituentBotVk! 2020-05-05 13:41:50.762337
INFO:root:Start AbituentBotVk! 2020-05-05 13:42:30.903426
INFO:root:Start AbituentBotVk! 2020-05-06 21:18:14.224701
INFO:werkzeug: * Restarting with stat
INFO:root:Start AbituentBotVk! 2020-05-06 21:18:16.696412
WARNING:werkzeug: * Debugger is active!
INFO:werkzeug: * Debugger PIN: 223-601-978
INFO:werkzeug: * Running on http://127.0.0.1:8080/ (Press CTRL+C to quit)
INFO:root:Start AbituentBotVk! 2020-05-07 20:16:39.024380
INFO:werkzeug: * Restarting with stat
INFO:root:Start AbituentBotVk! 2020-05-07 20:16:42.957040
WARNING:werkzeug: * Debugger is active!
INFO:werkzeug: * Debugger PIN: 223-601-978
INFO:werkzeug: * Running on http://127.0.0.1:8080/ (Press CTRL+C to quit)
INFO:root:Start AbituentBotVk! 2020-05-07 20:20:06.099783
ERROR:root:2020-05-07 20:20:17.182908 syntax error at or near ","
LINE 1: ... (user_id, user_reg, user_admin, user_ball) VALUES (?,?,?,?)
                                                                ^

INFO:root:Start AbituentBotVk! 2020-05-07 20:27:34.338862
ERROR:root:2020-05-07 20:27:44.523536 not enough arguments for format string
INFO:root:Start AbituentBotVk! 2020-05-07 21:46:05.053899
INFO:root:Start AbituentBotVk! 2020-05-07 21:47:20.208973
ERROR:root:2020-05-07 21:47:32.562614 not all arguments converted during string formatting
INFO:root:Start AbituentBotVk! 2020-05-07 21:49:48.058153
ERROR:root:2020-05-07 21:49:59.432293 not all arguments converted during string formatting
INFO:root:Start AbituentBotVk! 2020-05-07 21:57:35.644050
INFO:root:Start AbituentBotVk! 2020-05-11 11:23:36.331857
INFO:root:Start AbituentBotVk! 2020-05-11 11:43:05.241233
INFO:root:Start AbituentBotVk! 2020-05-11 14:53:41.540981
INFO:root:Start AbituentBotVk! 2020-05-11 14:55:36.605647
INFO:root:Start AbituentBotVk! 2020-05-11 15:35:09.929375
ERROR:root:2020-05-11 15:35:58.299240 [914] Message is too long
INFO:root:Start AbituentBotVk! 2020-05-11 15:37:09.998054
INFO:root:Start AbituentBotVk! 2020-05-11 15:40:14.361987
INFO:root:Start AbituentBotVk! 2020-05-11 16:02:38.803141
INFO:root:Start AbituentBotVk! 2020-05-11 16:04:42.091744
INFO:root:Start AbituentBotVk! 2020-05-11 16:06:53.306409
INFO:root:Start AbituentBotVk! 2020-05-11 16:11:15.921342
INFO:root:Start AbituentBotVk! 2020-05-11 16:18:22.179867
ERROR:root:2020-05-11 16:22:06.272888 type object 'datetime.datetime' has no attribute 'datetime'
INFO:root:Start AbituentBotVk! 2020-05-11 16:22:54.685767
INFO:root:Start AbituentBotVk! 2020-05-11 16:29:11.843927
INFO:root:Start AbituentBotVk! 2020-05-11 16:38:48.127431
INFO:root:Start AbituentBotVk! 2020-05-11 16:40:51.300815
INFO:root:Start AbituentBotVk! 2020-05-11 16:44:34.958289
INFO:root:Start AbituentBotVk! 2020-05-11 17:20:09.800880
INFO:root:Start AbituentBotVk! 2020-05-11 17:21:13.424259
ERROR:root:2020-05-11 17:21:33.260911 no such table: user
INFO:root:Start AbituentBotVk! 2020-05-11 17:22:36.562990
INFO:root:Start AbituentBotVk! 2020-05-11 17:24:50.946729
INFO:root:Start AbituentBotVk! 2020-05-11 17:30:21.954718
ERROR:root:2020-05-11 17:30:56.479395 keyboard_start() takes 0 positional arguments but 1 was given
INFO:root:Start AbituentBotVk! 2020-05-11 17:32:42.153098
ERROR:root:2020-05-11 17:35:43.946700 keyboard_start() takes 0 positional arguments but 1 was given
INFO:root:Start AbituentBotVk! 2020-05-11 17:39:20.185860
INFO:root:Start AbituentBotVk! 2020-05-11 17:40:49.184147
INFO:root:Start AbituentBotVk! 2020-05-12 11:11:16.227221
ERROR:root:2020-05-12 11:14:35.524916 can only concatenate str (not "NoneType") to str
INFO:root:Start AbituentBotVk! 2020-05-12 11:18:40.751946
INFO:root:Start AbituentBotVk! 2020-05-12 11:20:06.281207
ERROR:root:2020-05-12 11:20:11.456187 local variable 'result' referenced before assignment
INFO:root:Start AbituentBotVk! 2020-05-12 11:20:45.154594
INFO:root:Start AbituentBotVk! 2020-05-12 11:23:11.309939
INFO:root:Start AbituentBotVk! 2020-05-12 11:28:56.303095
INFO:root:Start AbituentBotVk! 2020-05-12 11:31:16.898697
